0 info it worked if it ends with ok
1 verbose cli [ '/usr/local/bin/node',
1 verbose cli   '/usr/local/bin/npm',
1 verbose cli   '--loglevel',
1 verbose cli   'info',
1 verbose cli   'publish' ]
2 info using npm@3.3.12
3 info using node@v5.1.0
4 verbose publish [ '.' ]
5 silly cache add args [ '.', null ]
6 verbose cache add spec .
7 silly cache add parsed spec Result {
7 silly cache add   raw: '.',
7 silly cache add   scope: null,
7 silly cache add   name: null,
7 silly cache add   rawSpec: '.',
7 silly cache add   spec: '/private/tmp/css-path-loader',
7 silly cache add   type: 'directory' }
8 verbose addLocalDirectory /Users/andycall/.npm/css-path-loader/0.1.0/package.tgz not in flight; packing
9 info lifecycle css-path-loader@0.1.0~prepublish: css-path-loader@0.1.0
10 silly lifecycle css-path-loader@0.1.0~prepublish: no script for prepublish, continuing
11 verbose tar pack [ '/Users/andycall/.npm/css-path-loader/0.1.0/package.tgz',
11 verbose tar pack   '/private/tmp/css-path-loader' ]
12 verbose tarball /Users/andycall/.npm/css-path-loader/0.1.0/package.tgz
13 verbose folder /private/tmp/css-path-loader
14 verbose addLocalTarball adding from inside cache /Users/andycall/.npm/css-path-loader/0.1.0/package.tgz
15 silly cache afterAdd css-path-loader@0.1.0
16 verbose afterAdd /Users/andycall/.npm/css-path-loader/0.1.0/package/package.json not in flight; writing
17 verbose afterAdd /Users/andycall/.npm/css-path-loader/0.1.0/package/package.json written
18 silly publish { name: 'css-path-loader',
18 silly publish   version: '0.1.0',
18 silly publish   description: 'auto add path namespace for every component',
18 silly publish   main: 'index.js',
18 silly publish   scripts: { test: 'npm test' },
18 silly publish   repository:
18 silly publish    { type: 'git',
18 silly publish      url: 'git+https://github.com/fex-team/css-path-loader.git' },
18 silly publish   keywords: [ 'webpack', 'loader' ],
18 silly publish   author: { name: 'ascoder' },
18 silly publish   license: 'ISC',
18 silly publish   bugs: { url: 'https://github.com/fex-team/css-path-loader/issues' },
18 silly publish   homepage: 'https://github.com/fex-team/css-path-loader#readme',
18 silly publish   readme: 'css-path-loader\n====================\nReact 组件 css 命名空间生成器\n\n注: 此插件需要 less 或者 scss 作为 css 预编译器\n此插件需要和 [html-path-loader] 配合使用才能发挥作用\n\n\n## Usage\n\n假设一个 react 组件在项目的路径为 `src/components/test/index.js`\nindex.js的相同目录下还有个 `index.scss`\n\n```javascript\n// 在 index.js\nrequire(\'./index.scss\') // less 或者 scss\n\n// webpack.config\n         \n{\n    test: /\\.(scss|less)/,\n    exclude: /node_modules/,\n    loaders: [\'style\', \'css\', \'autoprefixer\', \'sass\', \'less\', \'css-path-loader\']\n}\n\n\n```\nindex.scss 里面的代码都会自动根据当前文件的父级文件夹路径生成一个唯一的命名空间(前提是保证一个文件夹一个组件)\n会自动生成\n.src-component-test {\n    // code from index.scss\n}\n\n从而保证该组件所在文件夹内部引入的 css 代码都在其相应的命名空间内\n',
18 silly publish   readmeFilename: 'README.md',
18 silly publish   gitHead: 'b89d8b2101959735c24e82ae29ff242c4b61371b',
18 silly publish   _id: 'css-path-loader@0.1.0',
18 silly publish   _shasum: '5f288fec7aa00b112e368e103cb83db4b4485377',
18 silly publish   _from: '.' }
19 verbose getPublishConfig undefined
20 silly mapToRegistry name css-path-loader
21 silly mapToRegistry using default registry
22 silly mapToRegistry registry https://registry.npmjs.org/
23 silly mapToRegistry uri https://registry.npmjs.org/css-path-loader
24 verbose publish registryBase https://registry.npmjs.org/
25 silly publish uploading /Users/andycall/.npm/css-path-loader/0.1.0/package.tgz
26 verbose request uri https://registry.npmjs.org/css-path-loader
27 verbose request sending authorization for write operation
28 info attempt registry request try #1 at 10:31:08
29 verbose request using bearer token for auth
30 verbose request id d2e851ff8d9eef63
31 http request PUT https://registry.npmjs.org/css-path-loader
32 http 403 https://registry.npmjs.org/css-path-loader
33 verbose headers { 'content-type': 'application/json',
33 verbose headers   'cache-control': 'max-age=60',
33 verbose headers   'content-length': '95',
33 verbose headers   'accept-ranges': 'bytes',
33 verbose headers   date: 'Tue, 24 Nov 2015 02:31:10 GMT',
33 verbose headers   via: '1.1 varnish',
33 verbose headers   connection: 'keep-alive',
33 verbose headers   'x-served-by': 'cache-lax1424-LAX',
33 verbose headers   'x-cache': 'MISS',
33 verbose headers   'x-cache-hits': '0',
33 verbose headers   'x-timer': 'S1448332269.978016,VS0,VE227' }
34 verbose request invalidating /Users/andycall/.npm/registry.npmjs.org/css-path-loader on PUT
35 error publish Failed PUT 403
36 verbose stack Error: "You cannot publish over the previously published version 0.1.0." : css-path-loader
36 verbose stack     at makeError (/usr/local/lib/node_modules/npm/node_modules/npm-registry-client/lib/request.js:264:12)
36 verbose stack     at CachingRegistryClient.<anonymous> (/usr/local/lib/node_modules/npm/node_modules/npm-registry-client/lib/request.js:252:14)
36 verbose stack     at Request._callback (/usr/local/lib/node_modules/npm/node_modules/npm-registry-client/lib/request.js:172:14)
36 verbose stack     at Request.self.callback (/usr/local/lib/node_modules/npm/node_modules/request/request.js:198:22)
36 verbose stack     at emitTwo (events.js:87:13)
36 verbose stack     at Request.emit (events.js:172:7)
36 verbose stack     at Request.<anonymous> (/usr/local/lib/node_modules/npm/node_modules/request/request.js:1082:10)
36 verbose stack     at emitOne (events.js:82:20)
36 verbose stack     at Request.emit (events.js:169:7)
36 verbose stack     at IncomingMessage.<anonymous> (/usr/local/lib/node_modules/npm/node_modules/request/request.js:1009:12)
37 verbose statusCode 403
38 verbose pkgid css-path-loader
39 verbose cwd /private/tmp/css-path-loader
40 error Darwin 15.0.0
41 error argv "/usr/local/bin/node" "/usr/local/bin/npm" "--loglevel" "info" "publish"
42 error node v5.1.0
43 error npm  v3.3.12
44 error code E403
45 error "You cannot publish over the previously published version 0.1.0." : css-path-loader
46 error If you need help, you may report this error at:
46 error     <https://github.com/npm/npm/issues>
47 verbose exit [ 1, true ]
